INFO:    Using cached SIF image
[1] "/usr/local/lib/R/site-library" "/usr/local/lib/R/library"     
[1] "stats"     "graphics"  "grDevices" "utils"     "datasets"  "methods"  
[7] "base"     
  [1] "abind"             "arrow"             "askpass"          
  [4] "assertthat"        "backports"         "base64enc"        
  [7] "BH"                "BiocManager"       "BiocVersion"      
 [10] "bit"               "bit64"             "blob"             
 [13] "blogdown"          "bookdown"          "brew"             
 [16] "brio"              "broom"             "bslib"            
 [19] "cachem"            "callr"             "cellranger"       
 [22] "classInt"          "cli"               "clipr"            
 [25] "coda"              "colorspace"        "commonmark"       
 [28] "covr"              "cpp11"             "crayon"           
 [31] "credentials"       "crosstalk"         "curl"             
 [34] "data.table"        "DBI"               "dbplyr"           
 [37] "deldir"            "desc"              "devtools"         
 [40] "DiagrammeR"        "dichromat"         "diffobj"          
 [43] "digest"            "distill"           "docopt"           
 [46] "downlit"           "downloader"        "dplyr"            
 [49] "dtplyr"            "duckdb"            "e1071"            
 [52] "ellipsis"          "evaluate"          "expm"             
 [55] "fansi"             "farver"            "fastmap"          
 [58] "FNN"               "fontawesome"       "forcats"          
 [61] "fs"                "fst"               "fstcore"          
 [64] "gargle"            "generics"          "geojsonsf"        
 [67] "geometries"        "geoR"              "geosphere"        
 [70] "gert"              "ggplot2"           "gh"               
 [73] "gitcreds"          "glue"              "goftest"          
 [76] "googledrive"       "googlesheets4"     "gridExtra"        
 [79] "gstat"             "gtable"            "haven"            
 [82] "hdf5r"             "here"              "highr"            
 [85] "hms"               "htmltools"         "htmlwidgets"      
 [88] "httpuv"            "httr"              "ids"              
 [91] "igraph"            "influenceR"        "ini"              
 [94] "intervals"         "isoband"           "jquerylib"        
 [97] "jsonify"           "jsonlite"          "knitr"            
[100] "labeling"          "Lahman"            "later"            
[103] "lazyeval"          "leafem"            "leaflet"          
[106] "leaflet.providers" "leafpop"           "leafsync"         
[109] "LearnBayes"        "lidR"              "lifecycle"        
[112] "littler"           "lubridate"         "lwgeom"           
[115] "magrittr"          "mapdata"           "maps"             
[118] "maptools"          "mapview"           "markdown"         
[121] "memoise"           "mime"              "miniUI"           
[124] "modelr"            "munsell"           "ncdf4"            
[127] "ncmeta"            "nycflights13"      "openssl"          
[130] "packrat"           "pak"               "pillar"           
[133] "pkgbuild"          "pkgconfig"         "pkgdown"          
[136] "pkgload"           "plogr"             "plyr"             
[139] "png"               "polyclip"          "praise"           
[142] "prettyunits"       "processx"          "profvis"          
[145] "progress"          "proj4"             "promises"         
[148] "proxy"             "ps"                "purrr"            
[151] "r2d3"              "R6"                "ragg"             
[154] "rapidjsonr"        "rappdirs"          "raster"           
[157] "rcmdcheck"         "RColorBrewer"      "Rcpp"             
[160] "RcppArmadillo"     "RcppTOML"          "readr"            
[163] "readxl"            "redland"           "rematch"          
[166] "rematch2"          "remotes"           "renv"             
[169] "reprex"            "reticulate"        "rex"              
[172] "rgdal"             "rgeos"             "rgl"              
[175] "rhdf5"             "rhdf5filters"      "Rhdf5lib"         
[178] "rJava"             "rlang"             "rlas"             
[181] "RMariaDB"          "rmarkdown"         "rmdshower"        
[184] "RNetCDF"           "roxygen2"          "RPostgres"        
[187] "rprojroot"         "rsconnect"         "RSQLite"          
[190] "rstudioapi"        "rticles"           "rversions"        
[193] "rvest"             "s2"                "sass"             
[196] "satellite"         "scales"            "selectr"          
[199] "servr"             "sessioninfo"       "sf"               
[202] "sfheaders"         "sftime"            "shiny"            
[205] "sourcetools"       "sp"                "spacetime"        
[208] "spatialreg"        "spatstat"          "spatstat.core"    
[211] "spatstat.data"     "spatstat.geom"     "spatstat.linnet"  
[214] "spatstat.random"   "spatstat.sparse"   "spatstat.utils"   
[217] "spData"            "spdep"             "splancs"          
[220] "stars"             "stringi"           "stringr"          
[223] "svglite"           "sys"               "systemfonts"      
[226] "tensor"            "terra"             "testit"           
[229] "testthat"          "textshaping"       "tibble"           
[232] "tidync"            "tidyr"             "tidyselect"       
[235] "tidyverse"         "tinytex"           "tmap"             
[238] "tmaptools"         "tufte"             "tzdb"             
[241] "units"             "urlchecker"        "usethis"          
[244] "utf8"              "uuid"              "vctrs"            
[247] "viridis"           "viridisLite"       "visNetwork"       
[250] "vroom"             "waldo"             "webshot"          
[253] "whisker"           "whoami"            "widgetframe"      
[256] "withr"             "wk"                "xaringan"         
[259] "xfun"              "XML"               "xml2"             
[262] "xopen"             "xtable"            "xts"              
[265] "yaml"              "zip"               "zoo"              
[268] "base"              "boot"              "class"            
[271] "cluster"           "codetools"         "compiler"         
[274] "datasets"          "foreign"           "graphics"         
[277] "grDevices"         "grid"              "KernSmooth"       
[280] "lattice"           "MASS"              "Matrix"           
[283] "methods"           "mgcv"              "nlme"             
[286] "nnet"              "parallel"          "rpart"            
[289] "spatial"           "splines"           "stats"            
[292] "stats4"            "survival"          "tcltk"            
[295] "tools"             "utils"            
########################### Job Execution History #############################
JobId:3969593.athena40
UserName:leos
GroupName:pdreef
JobName:QSRS
ExecNode:athena60
SessionId:25635
ResourcesRequested:mem=1gb,walltime=00:05:00,ncpus=1,place=free
ResourcesUsed:cput=00:00:00,mem=0kb,walltime=00:00:01,ncpus=1,cpupercent=0,vmem=0kb
QueueUsed:workq
AccountString:rscstd
ExitStatus:0
###############################################################################
